SF:lib/src/classes/validate_form.dart
DA:2,2
DA:3,2
DA:5,2
DA:7,2
DA:10,2
DA:11,2
DA:13,4
DA:16,1
DA:17,1
LF:9
LH:9
end_of_record
SF:lib/src/pages/dashboard_page.dart
DA:5,1
DA:7,1
DA:8,1
DA:12,1
DA:14,1
DA:15,1
DA:16,1
DA:17,1
DA:20,1
DA:21,1
DA:22,1
DA:23,0
DA:25,1
DA:26,1
DA:27,0
DA:28,0
DA:33,1
DA:35,1
DA:37,1
DA:38,1
DA:40,1
DA:41,1
DA:44,1
DA:49,1
DA:52,1
DA:54,1
DA:55,1
DA:58,1
LF:28
LH:25
end_of_record
SF:lib/src/pages/login_page.dart
DA:8,2
DA:10,1
DA:11,1
DA:19,1
DA:21,1
DA:22,1
DA:23,1
DA:25,1
DA:26,1
DA:27,1
DA:30,1
DA:32,1
DA:35,1
DA:36,1
DA:37,1
DA:38,1
DA:39,1
DA:40,1
DA:42,1
DA:45,1
DA:48,1
DA:49,1
DA:51,1
DA:54,1
DA:57,1
DA:60,1
DA:64,1
DA:67,1
DA:69,2
DA:76,1
DA:77,3
DA:78,1
DA:79,2
LF:33
LH:33
end_of_record
SF:lib/src/pages/register_page.dart
DA:7,1
DA:9,1
DA:10,1
DA:19,1
DA:21,1
DA:22,1
DA:23,1
DA:24,1
DA:25,1
DA:27,1
DA:28,1
DA:29,1
DA:32,1
DA:34,1
DA:37,1
DA:38,1
DA:39,1
DA:40,1
DA:41,1
DA:42,1
DA:44,1
DA:46,1
DA:49,1
DA:50,1
DA:52,1
DA:54,1
DA:57,1
DA:58,1
DA:60,1
DA:62,1
DA:65,1
DA:69,1
DA:78,0
DA:79,0
DA:80,0
LF:35
LH:32
end_of_record
SF:lib/src/components/custom_card.dart
DA:4,1
DA:7,1
DA:11,1
DA:13,1
DA:14,4
DA:15,4
DA:17,1
DA:19,2
DA:20,1
DA:21,1
DA:22,1
LF:11
LH:11
end_of_record
SF:lib/src/components/custom_primary_button.dart
DA:4,1
DA:6,1
DA:13,1
DA:15,1
DA:18,1
DA:19,1
DA:22,1
DA:23,3
DA:24,2
DA:25,1
DA:26,1
DA:27,1
DA:29,1
DA:30,1
DA:31,1
DA:34,1
DA:35,1
DA:36,1
DA:37,1
DA:38,1
DA:47,1
LF:21
LH:21
end_of_record
SF:lib/src/components/custom_second_button.dart
DA:4,1
DA:5,1
DA:10,1
DA:12,1
DA:13,1
DA:15,2
DA:16,1
DA:17,1
DA:18,1
DA:20,1
DA:22,1
LF:11
LH:11
end_of_record
SF:lib/src/components/custom_text_form_field.dart
DA:4,1
DA:11,1
DA:19,1
DA:21,1
DA:22,1
DA:23,1
DA:24,1
DA:25,1
DA:26,3
DA:27,1
DA:28,1
DA:29,1
DA:33,1
LF:13
LH:13
end_of_record
